c:\users\siddharth\desktop\ovr_sdk_win_0.4.2\oculussdk\libovr\obj\win32\vs2013\debug\capi_hswdisplay.obj
c:\users\siddharth\desktop\ovr_sdk_win_0.4.2\oculussdk\libovr\obj\win32\vs2013\debug\capi_gl_util.obj
c:\users\siddharth\desktop\ovr_sdk_win_0.4.2\oculussdk\libovr\obj\win32\vs2013\debug\ovr_win32_display.obj
c:\users\siddharth\desktop\ovr_sdk_win_0.4.2\oculussdk\libovr\obj\win32\vs2013\debug\ovr_sharedmemory.obj
c:\users\siddharth\desktop\ovr_sdk_win_0.4.2\oculussdk\libovr\obj\win32\vs2013\debug\ovr_timer.obj
c:\users\siddharth\desktop\ovr_sdk_win_0.4.2\oculussdk\libovr\obj\win32\vs2013\debug\ovr_capi.obj
c:\users\siddharth\desktop\ovr_sdk_win_0.4.2\oculussdk\libovr\obj\win32\vs2013\debug\util_interface.obj
c:\users\siddharth\desktop\ovr_sdk_win_0.4.2\oculussdk\libovr\obj\win32\vs2013\debug\util_render_stereo.obj
c:\users\siddharth\desktop\ovr_sdk_win_0.4.2\oculussdk\libovr\obj\win32\vs2013\debug\capi_distortionrenderer.obj
c:\users\siddharth\desktop\ovr_sdk_win_0.4.2\oculussdk\libovr\obj\win32\vs2013\debug\capi_d3d11_hswdisplay.obj
c:\users\siddharth\desktop\ovr_sdk_win_0.4.2\oculussdk\libovr\obj\win32\vs2013\debug\ovr_filefile.obj
c:\users\siddharth\desktop\ovr_sdk_win_0.4.2\oculussdk\libovr\obj\win32\vs2013\debug\ovr_string_pathutil.obj
c:\users\siddharth\desktop\ovr_sdk_win_0.4.2\oculussdk\libovr\obj\win32\vs2013\debug\ovr_networkplugin.obj
c:\users\siddharth\desktop\ovr_sdk_win_0.4.2\oculussdk\libovr\obj\win32\vs2013\debug\ovr_serialformat.obj
c:\users\siddharth\desktop\ovr_sdk_win_0.4.2\oculussdk\libovr\obj\win32\vs2013\debug\util_latencytest2reader.obj
c:\users\siddharth\desktop\ovr_sdk_win_0.4.2\oculussdk\libovr\obj\win32\vs2013\debug\capi_d3d10_distortionrenderer.obj
c:\users\siddharth\desktop\ovr_sdk_win_0.4.2\oculussdk\libovr\obj\win32\vs2013\debug\capi_gl_hswdisplay.obj
c:\users\siddharth\desktop\ovr_sdk_win_0.4.2\oculussdk\libovr\obj\win32\vs2013\debug\ovr_win32_focusreader.obj
c:\users\siddharth\desktop\ovr_sdk_win_0.4.2\oculussdk\libovr\obj\win32\vs2013\debug\ovr_log.obj
c:\users\siddharth\desktop\ovr_sdk_win_0.4.2\oculussdk\libovr\obj\win32\vs2013\debug\ovr_sysfile.obj
c:\users\siddharth\desktop\ovr_sdk_win_0.4.2\oculussdk\libovr\obj\win32\vs2013\debug\ovr_rpc1.obj
c:\users\siddharth\desktop\ovr_sdk_win_0.4.2\oculussdk\libovr\obj\win32\vs2013\debug\ovr_stereo.obj
c:\users\siddharth\desktop\ovr_sdk_win_0.4.2\oculussdk\libovr\obj\win32\vs2013\debug\capi_frametimemanager.obj
c:\users\siddharth\desktop\ovr_sdk_win_0.4.2\oculussdk\libovr\obj\win32\vs2013\debug\capi_gl_distortionrenderer.obj
c:\users\siddharth\desktop\ovr_sdk_win_0.4.2\oculussdk\libovr\obj\win32\vs2013\debug\ovr_win32_rendershim.obj
c:\users\siddharth\desktop\ovr_sdk_win_0.4.2\oculussdk\libovr\obj\win32\vs2013\debug\ovr_string_formatutil.obj
c:\users\siddharth\desktop\ovr_sdk_win_0.4.2\oculussdk\libovr\obj\win32\vs2013\debug\ovr_bitstream.obj
c:\users\siddharth\desktop\ovr_sdk_win_0.4.2\oculussdk\libovr\obj\win32\vs2013\debug\ovr_json.obj
c:\users\siddharth\desktop\ovr_sdk_win_0.4.2\oculussdk\libovr\obj\win32\vs2013\debug\util_imagewindow.obj
c:\users\siddharth\desktop\ovr_sdk_win_0.4.2\oculussdk\libovr\obj\win32\vs2013\debug\capi_d3d10_hswdisplay.obj
c:\users\siddharth\desktop\ovr_sdk_win_0.4.2\oculussdk\libovr\obj\win32\vs2013\debug\capi_d3d9_util.obj
c:\users\siddharth\desktop\ovr_sdk_win_0.4.2\oculussdk\libovr\obj\win32\vs2013\debug\ovr_win32_shimfunctions.obj
c:\users\siddharth\desktop\ovr_sdk_win_0.4.2\oculussdk\libovr\obj\win32\vs2013\debug\ovr_math.obj
c:\users\siddharth\desktop\ovr_sdk_win_0.4.2\oculussdk\libovr\obj\win32\vs2013\debug\ovr_std.obj
c:\users\siddharth\desktop\ovr_sdk_win_0.4.2\oculussdk\libovr\obj\win32\vs2013\debug\ovr_system.obj
c:\users\siddharth\desktop\ovr_sdk_win_0.4.2\oculussdk\libovr\obj\win32\vs2013\debug\ovr_session.obj
c:\users\siddharth\desktop\ovr_sdk_win_0.4.2\oculussdk\libovr\obj\win32\vs2013\debug\service_netclient.obj
c:\users\siddharth\desktop\ovr_sdk_win_0.4.2\oculussdk\libovr\obj\win32\vs2013\debug\capi_hmdrenderstate.obj
c:\users\siddharth\desktop\ovr_sdk_win_0.4.2\oculussdk\libovr\obj\win32\vs2013\debug\capi_d3d9_distortionrenderer.obj
c:\users\siddharth\desktop\ovr_sdk_win_0.4.2\oculussdk\libovr\obj\win32\vs2013\debug\ovr_allocator.obj
c:\users\siddharth\desktop\ovr_sdk_win_0.4.2\oculussdk\libovr\obj\win32\vs2013\debug\ovr_crc32.obj
c:\users\siddharth\desktop\ovr_sdk_win_0.4.2\oculussdk\libovr\obj\win32\vs2013\debug\ovr_file.obj
c:\users\siddharth\desktop\ovr_sdk_win_0.4.2\oculussdk\libovr\obj\win32\vs2013\debug\ovr_refcount.obj
c:\users\siddharth\desktop\ovr_sdk_win_0.4.2\oculussdk\libovr\obj\win32\vs2013\debug\ovr_threadswinapi.obj
c:\users\siddharth\desktop\ovr_sdk_win_0.4.2\oculussdk\libovr\obj\win32\vs2013\debug\ovr_win32_socket.obj
c:\users\siddharth\desktop\ovr_sdk_win_0.4.2\oculussdk\libovr\obj\win32\vs2013\debug\tracking_sensorstatereader.obj
c:\users\siddharth\desktop\ovr_sdk_win_0.4.2\oculussdk\libovr\obj\win32\vs2013\debug\capi_d3d11_distortionrenderer.obj
c:\users\siddharth\desktop\ovr_sdk_win_0.4.2\oculussdk\libovr\obj\win32\vs2013\debug\ovr_threadcommandqueue.obj
c:\users\siddharth\desktop\ovr_sdk_win_0.4.2\oculussdk\libovr\obj\win32\vs2013\debug\ovr_socket.obj
c:\users\siddharth\desktop\ovr_sdk_win_0.4.2\oculussdk\libovr\obj\win32\vs2013\debug\service_netsessioncommon.obj
c:\users\siddharth\desktop\ovr_sdk_win_0.4.2\oculussdk\libovr\obj\win32\vs2013\debug\capi_hmdstate.obj
c:\users\siddharth\desktop\ovr_sdk_win_0.4.2\oculussdk\libovr\obj\win32\vs2013\debug\capi_d3d9_hswdisplay.obj
c:\users\siddharth\desktop\ovr_sdk_win_0.4.2\oculussdk\libovr\obj\win32\vs2013\debug\ovr_alg.obj
c:\users\siddharth\desktop\ovr_sdk_win_0.4.2\oculussdk\libovr\obj\win32\vs2013\debug\ovr_atomic.obj
c:\users\siddharth\desktop\ovr_sdk_win_0.4.2\oculussdk\libovr\obj\win32\vs2013\debug\ovr_lockless.obj
c:\users\siddharth\desktop\ovr_sdk_win_0.4.2\oculussdk\libovr\obj\win32\vs2013\debug\ovr_string.obj
c:\users\siddharth\desktop\ovr_sdk_win_0.4.2\oculussdk\libovr\obj\win32\vs2013\debug\ovr_utf8util.obj
c:\users\siddharth\desktop\ovr_sdk_win_0.4.2\oculussdk\libovr\obj\win32\vs2013\debug\ovr_packetizedtcpsocket.obj
c:\users\siddharth\desktop\ovr_sdk_win_0.4.2\oculussdk\libovr\obj\win32\vs2013\debug\ovr_profile.obj
c:\users\siddharth\desktop\ovr_sdk_win_0.4.2\oculussdk\libovr\src\capi\shaders\distortionchroma_ps.h
c:\users\siddharth\desktop\ovr_sdk_win_0.4.2\oculussdk\libovr\src\capi\shaders\distortionchroma_vs.h
c:\users\siddharth\desktop\ovr_sdk_win_0.4.2\oculussdk\libovr\src\capi\shaders\distortiontimewarpchroma_vs.h
c:\users\siddharth\desktop\ovr_sdk_win_0.4.2\oculussdk\libovr\src\capi\shaders\distortiontimewarp_vs.h
c:\users\siddharth\desktop\ovr_sdk_win_0.4.2\oculussdk\libovr\src\capi\shaders\distortion_ps.h
c:\users\siddharth\desktop\ovr_sdk_win_0.4.2\oculussdk\libovr\src\capi\shaders\distortion_vs.h
c:\users\siddharth\desktop\ovr_sdk_win_0.4.2\oculussdk\libovr\src\capi\shaders\simplequad_ps.h
c:\users\siddharth\desktop\ovr_sdk_win_0.4.2\oculussdk\libovr\src\capi\shaders\simplequad_vs.h
c:\users\siddharth\desktop\ovr_sdk_win_0.4.2\oculussdk\libovr\src\capi\shaders\simpletexturedquad_ps.h
c:\users\siddharth\desktop\ovr_sdk_win_0.4.2\oculussdk\libovr\src\capi\shaders\simpletexturedquad_vs.h
c:\users\siddharth\desktop\ovr_sdk_win_0.4.2\oculussdk\libovr\lib\win32\vs2013\libovrd.lib
c:\users\siddharth\desktop\ovr_sdk_win_0.4.2\oculussdk\libovr\projects\win32\vs2013\../../../lib/win32/vs2013/libovrd.lib
c:\users\siddharth\desktop\ovr_sdk_win_0.4.2\oculussdk\libovr\obj\win32\vs2013\debug\libovr.tlog\cl.command.1.tlog
c:\users\siddharth\desktop\ovr_sdk_win_0.4.2\oculussdk\libovr\obj\win32\vs2013\debug\libovr.tlog\cl.read.1.tlog
c:\users\siddharth\desktop\ovr_sdk_win_0.4.2\oculussdk\libovr\obj\win32\vs2013\debug\libovr.tlog\cl.write.1.tlog
c:\users\siddharth\desktop\ovr_sdk_win_0.4.2\oculussdk\libovr\obj\win32\vs2013\debug\libovr.tlog\custombuild.command.1.tlog
c:\users\siddharth\desktop\ovr_sdk_win_0.4.2\oculussdk\libovr\obj\win32\vs2013\debug\libovr.tlog\custombuild.read.1.tlog
c:\users\siddharth\desktop\ovr_sdk_win_0.4.2\oculussdk\libovr\obj\win32\vs2013\debug\libovr.tlog\custombuild.write.1.tlog
c:\users\siddharth\desktop\ovr_sdk_win_0.4.2\oculussdk\libovr\obj\win32\vs2013\debug\libovr.tlog\lib-link.read.1.tlog
c:\users\siddharth\desktop\ovr_sdk_win_0.4.2\oculussdk\libovr\obj\win32\vs2013\debug\libovr.tlog\lib-link.write.1.tlog
c:\users\siddharth\desktop\ovr_sdk_win_0.4.2\oculussdk\libovr\obj\win32\vs2013\debug\libovr.tlog\lib.command.1.tlog
